f:\c++ project\multikinect_tracking_v2\debug\vc120.pdb
f:\c++ project\multikinect_tracking_v2\debug\vc120.idb
f:\c++ project\multikinect_tracking_v2\debug\hrc.obj
f:\c++ project\multikinect_tracking_v2\debug\trilateration.obj
f:\c++ project\multikinect_tracking_v2\debug\sever.obj
f:\c++ project\multikinect_tracking_v2\debug\databuffer.obj
f:\c++ project\multikinect_tracking_v2\debug\main.obj
f:\c++ project\multikinect_tracking_v2\debug\controller.obj
f:\c++ project\multikinect_tracking_v2\debug\vision.obj
f:\c++ project\multikinect_tracking_v2\debug\multikinect_tracking_v2.ilk
f:\c++ project\multikinect_tracking_v2\debug\multikinect_tracking_v2.exe
f:\c++ project\multikinect_tracking_v2\debug\multikinect_tracking_v2.pdb
f:\c++ project\multikinect_tracking_v2\debug\multikinect_tracking_v2.res
f:\c++ project\multikinect_tracking_v2\debug\multikin.beb7b4f9.tlog\cl.command.1.tlog
f:\c++ project\multikinect_tracking_v2\debug\multikin.beb7b4f9.tlog\cl.read.1.tlog
f:\c++ project\multikinect_tracking_v2\debug\multikin.beb7b4f9.tlog\cl.write.1.tlog
f:\c++ project\multikinect_tracking_v2\debug\multikin.beb7b4f9.tlog\link.command.1.tlog
f:\c++ project\multikinect_tracking_v2\debug\multikin.beb7b4f9.tlog\link.read.1.tlog
f:\c++ project\multikinect_tracking_v2\debug\multikin.beb7b4f9.tlog\link.write.1.tlog
f:\c++ project\multikinect_tracking_v2\debug\multikin.beb7b4f9.tlog\rc.command.1.tlog
f:\c++ project\multikinect_tracking_v2\debug\multikin.beb7b4f9.tlog\rc.read.1.tlog
f:\c++ project\multikinect_tracking_v2\debug\multikin.beb7b4f9.tlog\rc.write.1.tlog
